2025-05-27T16:48:42.650784+0200 INFO Starting project sentiment_bot
2025-05-27T16:48:54.019790+0200 INFO Starting project sentiment_bot
2025-05-27T16:51:26.033304+0200 INFO Starting project sentiment_bot
2025-05-27T16:51:31.665303+0200 INFO Starting project sentiment_bot
2025-05-27T16:51:31.672306+0200 INFO Texte à analyser: bonjour mon canard
2025-05-27T16:53:06.800341+0200 INFO Starting project sentiment_bot
2025-05-27T16:53:13.545345+0200 INFO Starting project sentiment_bot
2025-05-27T16:53:13.552342+0200 INFO Texte à analyser: coucouc cabard ___ result : <Response [404]>
2025-05-27T16:53:57.597860+0200 INFO Starting project sentiment_bot
2025-05-27T16:56:32.615430+0200 INFO Starting project sentiment_bot
2025-05-27T16:56:39.980427+0200 INFO Starting project sentiment_bot
2025-05-27T16:56:39.989428+0200 INFO Texte à analyser: Coucou Canard ___ result : <Response [404]>
2025-05-27T17:02:35.751647+0200 INFO Starting project sentiment_bot
2025-05-27T17:10:08.376182+0200 INFO Starting project sentiment_bot
2025-05-27T17:10:14.018182+0200 INFO Starting project sentiment_bot
2025-05-27T17:19:16.247285+0200 INFO Starting project sentiment_bot
2025-05-27T17:19:26.017285+0200 INFO Starting project sentiment_bot
2025-05-27T17:19:26.263284+0200 INFO Texte à analyser: Salut ma carotte ___ result : <Response [200]>
2025-05-27T17:20:35.373284+0200 INFO Starting project sentiment_bot
2025-05-27T17:20:35.597286+0200 INFO Texte à analyser: comment vas tu ? ___ result : <Response [200]>
2025-05-27T17:24:46.048286+0200 INFO Starting project sentiment_bot
2025-05-27T17:24:58.805285+0200 INFO Starting project sentiment_bot
2025-05-27T17:24:59.146284+0200 INFO Texte à analyser: Salut mon pote, je me sent bien ___ result : <Response [200]>
2025-05-27T17:25:34.108283+0200 INFO Starting project sentiment_bot
2025-05-27T17:25:40.915283+0200 INFO Texte à analyser: tu va bien ? ___ result : <Response [200]>
2025-05-27T17:26:16.819287+0200 INFO Starting project sentiment_bot
2025-05-27T17:26:17.056283+0200 INFO Texte à analyser: Explique moi le Lean ___ result : <Response [200]>
2025-05-27T17:29:27.539285+0200 INFO Starting project sentiment_bot
2025-05-27T17:29:35.268285+0200 INFO Starting project sentiment_bot
2025-05-27T17:29:35.651284+0200 INFO Texte à analyser: Ola mon pote ça va ? ___ result : <Response [200]>
2025-05-27T17:29:48.818288+0200 INFO Starting project sentiment_bot
2025-05-27T17:29:49.080284+0200 INFO Texte à analyser: Je suis super en forme aujourd'hui ___ result : <Response [200]>
2025-05-27T17:30:09.669285+0200 INFO Starting project sentiment_bot
2025-05-27T17:30:10.207284+0200 INFO Texte à analyser: mais ma mère est morte mais c'est impeccable ___ result : <Response [200]>
2025-05-27T17:33:05.575299+0200 INFO Starting project sentiment_bot
2025-05-27T17:33:19.097299+0200 INFO Starting project sentiment_bot
2025-05-27T17:33:19.446297+0200 INFO Texte à analyser: Ma mère est morte et j'ai gagné au loto ___ result : <Response [200]>
2025-05-27T17:34:21.844299+0200 INFO Starting project sentiment_bot
2025-05-27T17:34:23.225300+0200 INFO Starting project sentiment_bot
2025-05-27T17:34:31.035299+0200 INFO Texte à analyser: Ma mère est morte et j'ai gagné au loto ___ result : <Response [200]>
2025-05-27T17:36:28.450311+0200 INFO Starting project sentiment_bot
2025-05-27T17:36:34.698313+0200 INFO Starting project sentiment_bot
2025-05-27T17:37:25.101310+0200 INFO Starting project sentiment_bot
2025-05-27T17:37:26.244310+0200 INFO Starting project sentiment_bot
2025-05-27T17:38:27.886310+0200 INFO Starting project sentiment_bot
2025-05-27T17:38:30.263313+0200 INFO Starting project sentiment_bot
2025-05-27T17:38:36.651315+0200 INFO Starting project sentiment_bot
2025-05-27T17:38:41.738312+0200 INFO Starting project sentiment_bot
2025-05-27T17:39:41.210312+0200 INFO Starting project sentiment_bot
2025-05-27T17:40:26.795309+0200 INFO Starting project sentiment_bot
2025-05-27T17:47:14.235530+0200 INFO Starting project sentiment_bot
