2025-05-27T15:27:48.371091+0200 INFO Requête reçue: texte="i'm happy"
2025-05-27T15:27:48.372092+0200 INFO Résultat: {'neg': 0.0, 'neu': 0.213, 'pos': 0.787, 'compound': 0.5719}
2025-05-27T15:27:48.377089+0200 INFO Requête reçue: texte="i'm sad"
2025-05-27T15:27:48.377089+0200 INFO Résultat: {'neg': 0.756, 'neu': 0.244, 'pos': 0.0, 'compound': -0.4767}
2025-05-27T15:27:48.384089+0200 INFO Route '/' called by  testclient
2025-05-27T15:38:14.156042+0200 INFO Requête reçue: texte="i'm happy"
2025-05-27T15:38:14.156042+0200 INFO Résultat: {'neg': 0.0, 'neu': 0.213, 'pos': 0.787, 'compound': 0.5719}
2025-05-27T15:38:14.166041+0200 INFO Requête reçue: texte="i'm sad"
2025-05-27T15:38:14.166041+0200 INFO Résultat: {'neg': 0.756, 'neu': 0.244, 'pos': 0.0, 'compound': -0.4767}
2025-05-27T15:38:14.175041+0200 INFO Route '/' called by  testclient
2025-05-27T15:38:14.183041+0200 INFO Dialogue test prompt: Bonjour, comment ça va ?
2025-05-27T15:38:16.762038+0200 INFO Dialogue test response: Je suis pas.
2025-05-27T15:48:32.456016+0200 INFO Requête reçue: texte="i'm happy"
2025-05-27T15:48:32.456016+0200 INFO Résultat: {'neg': 0.0, 'neu': 0.213, 'pos': 0.787, 'compound': 0.5719}
2025-05-27T15:48:32.462018+0200 INFO Requête reçue: texte="i'm sad"
2025-05-27T15:48:32.462018+0200 INFO Résultat: {'neg': 0.756, 'neu': 0.244, 'pos': 0.0, 'compound': -0.4767}
2025-05-27T15:48:32.470016+0200 INFO Route '/' called by  testclient
2025-05-27T15:48:32.478016+0200 INFO Dialogue test prompt: Bonjour, comment ça va ?
2025-05-27T15:48:33.237016+0200 INFO Dialogue test response: Je suis pas.
2025-05-27T15:49:48.669016+0200 INFO Requête reçue: texte="i'm happy"
2025-05-27T15:49:48.669016+0200 INFO Résultat: {'neg': 0.0, 'neu': 0.213, 'pos': 0.787, 'compound': 0.5719}
2025-05-27T15:49:48.674017+0200 INFO Requête reçue: texte="i'm sad"
2025-05-27T15:49:48.674017+0200 INFO Résultat: {'neg': 0.756, 'neu': 0.244, 'pos': 0.0, 'compound': -0.4767}
2025-05-27T15:49:48.682017+0200 INFO Route '/' called by  testclient
2025-05-27T15:49:48.689017+0200 INFO Dialogue test prompt: Comment t'appelles tu ?
2025-05-27T15:49:49.844016+0200 INFO Dialogue test response: Comment t'appelles tu?
2025-05-27T15:50:44.310016+0200 INFO Requête reçue: texte="i'm happy"
2025-05-27T15:50:44.311017+0200 INFO Résultat: {'neg': 0.0, 'neu': 0.213, 'pos': 0.787, 'compound': 0.5719}
2025-05-27T15:50:44.315016+0200 INFO Requête reçue: texte="i'm sad"
2025-05-27T15:50:44.316017+0200 INFO Résultat: {'neg': 0.756, 'neu': 0.244, 'pos': 0.0, 'compound': -0.4767}
2025-05-27T15:50:44.323016+0200 INFO Route '/' called by  testclient
2025-05-27T15:50:44.330016+0200 INFO Dialogue test prompt: Hello how is going today ?
2025-05-27T15:50:45.557016+0200 INFO Dialogue test response: I'm good, how about you?
2025-05-27T16:20:29.370313+0200 INFO Requête reçue: texte="i'm happy"
2025-05-27T16:20:29.371314+0200 INFO Résultat: {'neg': 0.0, 'neu': 0.213, 'pos': 0.787, 'compound': 0.5719}
2025-05-27T16:20:29.378315+0200 INFO Requête reçue: texte="i'm sad"
2025-05-27T16:20:29.378315+0200 INFO Résultat: {'neg': 0.756, 'neu': 0.244, 'pos': 0.0, 'compound': -0.4767}
2025-05-27T16:20:29.425313+0200 INFO Route '/' called by  testclient
2025-05-27T16:20:29.432313+0200 INFO Dialogue test prompt: Hello how is going today ?
2025-05-27T16:20:30.645311+0200 INFO Dialogue test response: I'm good, how about you?
2025-05-27T16:28:50.666838+0200 INFO Requête reçue: texte="i'm happy"
2025-05-27T16:28:50.666838+0200 INFO Résultat: {'neg': 0.0, 'neu': 0.213, 'pos': 0.787, 'compound': 0.5719}
2025-05-27T16:28:50.672840+0200 INFO Requête reçue: texte="i'm sad"
2025-05-27T16:28:50.672840+0200 INFO Résultat: {'neg': 0.756, 'neu': 0.244, 'pos': 0.0, 'compound': -0.4767}
2025-05-27T16:28:50.682839+0200 INFO Route '/' called by  testclient
2025-05-27T16:28:50.692842+0200 INFO Dialogue test prompt: Hello how is going today ?
2025-05-27T16:28:51.979837+0200 INFO Dialogue test response: I'm good, how about you?
2025-05-27T16:32:04.441840+0200 INFO Requête reçue: texte="i'm happy"
2025-05-27T16:32:04.441840+0200 INFO Résultat: {'neg': 0.0, 'neu': 0.213, 'pos': 0.787, 'compound': 0.5719}
2025-05-27T16:32:04.446839+0200 INFO Requête reçue: texte="i'm sad"
2025-05-27T16:32:04.446839+0200 INFO Résultat: {'neg': 0.756, 'neu': 0.244, 'pos': 0.0, 'compound': -0.4767}
2025-05-27T16:32:04.454839+0200 INFO Route '/' called by  testclient
2025-05-27T16:32:04.461839+0200 INFO Dialogue test prompt: Hello how is going today ?
2025-05-27T16:32:05.471840+0200 INFO Dialogue test response: I'm good, how about you?
2025-05-27T16:34:56.790840+0200 INFO Requête reçue: texte="i'm happy"
2025-05-27T16:34:56.799839+0200 INFO Résultat: {'neg': 0.0, 'neu': 0.213, 'pos': 0.787, 'compound': 0.5719}
2025-05-27T16:34:56.806840+0200 INFO Requête reçue: texte="i'm sad"
2025-05-27T16:34:56.806840+0200 INFO Résultat: {'neg': 0.756, 'neu': 0.244, 'pos': 0.0, 'compound': -0.4767}
2025-05-27T16:34:56.816842+0200 INFO Route '/' called by  testclient
2025-05-27T16:34:56.829841+0200 INFO Dialogue test prompt: Hello how is going today ?
2025-05-27T16:34:59.928837+0200 INFO Dialogue test response: I'm good, how about you?
2025-05-27T16:36:52.406865+0200 INFO Requête reçue: texte="i'm happy"
2025-05-27T16:36:52.406865+0200 INFO Résultat: {'neg': 0.0, 'neu': 0.213, 'pos': 0.787, 'compound': 0.5719}
2025-05-27T16:36:52.420867+0200 INFO Requête reçue: texte="i'm sad"
2025-05-27T16:36:52.420867+0200 INFO Résultat: {'neg': 0.756, 'neu': 0.244, 'pos': 0.0, 'compound': -0.4767}
2025-05-27T16:36:52.435866+0200 INFO Route '/' called by  testclient
2025-05-27T16:36:52.465867+0200 INFO Dialogue test prompt: Hello how is going today ?
2025-05-27T16:36:54.278867+0200 INFO Dialogue test response: I'm good, how about you?
2025-05-27T16:36:54.289868+0200 INFO Route '/translate/' :: params is  Bonjour, comment ça va aujourdhui ?
2025-05-27T16:36:54.289868+0200 INFO Traduction requête: Bonjour, comment ça va aujourdhui ?
2025-05-27T16:36:55.281866+0200 INFO Traduction résultat: Hello, how are you today?
2025-05-27T16:38:08.526867+0200 INFO Requête reçue: texte="i'm happy"
2025-05-27T16:38:08.526867+0200 INFO Résultat: {'neg': 0.0, 'neu': 0.213, 'pos': 0.787, 'compound': 0.5719}
2025-05-27T16:38:08.534868+0200 INFO Requête reçue: texte="i'm sad"
2025-05-27T16:38:08.534868+0200 INFO Résultat: {'neg': 0.756, 'neu': 0.244, 'pos': 0.0, 'compound': -0.4767}
2025-05-27T16:38:08.550866+0200 INFO Route '/' called by  testclient
2025-05-27T16:38:08.570868+0200 INFO Dialogue test prompt: Hello how is going today ?
2025-05-27T16:38:10.014866+0200 INFO Dialogue test response: I'm good, how about you?
2025-05-27T16:38:10.024865+0200 INFO Route '/translate/' :: params is  Bonjour, comment ça va aujourdhui ?
2025-05-27T16:38:10.024865+0200 INFO Traduction requête: Bonjour, comment ça va aujourdhui ?
2025-05-27T16:38:10.303866+0200 INFO Traduction résultat: Hello, how are you today?
